d:\year 2 sem 2\advance game development\nyp_framework\nyp_framework\base\debug\vc140.pdb
d:\year 2 sem 2\advance game development\nyp_framework\nyp_framework\base\debug\vc140.idb
d:\year 2 sem 2\advance game development\nyp_framework\nyp_framework\base\debug\main.obj
d:\year 2 sem 2\advance game development\nyp_framework\nyp_framework\base\debug\objmesh.obj
d:\year 2 sem 2\advance game development\nyp_framework\nyp_framework\base\debug\playerinfo.obj
d:\year 2 sem 2\advance game development\nyp_framework\nyp_framework\base\debug\grenade.obj
d:\year 2 sem 2\advance game development\nyp_framework\nyp_framework\base\debug\laser.obj
d:\year 2 sem 2\advance game development\nyp_framework\nyp_framework\base\debug\projectile.obj
d:\year 2 sem 2\advance game development\nyp_framework\nyp_framework\base\debug\scenegraph.obj
d:\year 2 sem 2\advance game development\nyp_framework\nyp_framework\base\debug\scenenode.obj
d:\year 2 sem 2\advance game development\nyp_framework\nyp_framework\base\debug\transform.obj
d:\year 2 sem 2\advance game development\nyp_framework\nyp_framework\base\debug\updatetransformation.obj
d:\year 2 sem 2\advance game development\nyp_framework\nyp_framework\base\debug\scenetext.obj
d:\year 2 sem 2\advance game development\nyp_framework\nyp_framework\base\debug\skyboxentity.obj
d:\year 2 sem 2\advance game development\nyp_framework\nyp_framework\base\debug\grid.obj
d:\year 2 sem 2\advance game development\nyp_framework\nyp_framework\base\debug\spatialpartition.obj
d:\year 2 sem 2\advance game development\nyp_framework\nyp_framework\base\debug\spriteentity.obj
d:\year 2 sem 2\advance game development\nyp_framework\nyp_framework\base\debug\textentity.obj
d:\year 2 sem 2\advance game development\nyp_framework\nyp_framework\base\debug\grenadethrow.obj
d:\year 2 sem 2\advance game development\nyp_framework\nyp_framework\base\debug\laserblaster.obj
d:\year 2 sem 2\advance game development\nyp_framework\nyp_framework\base\debug\pistol.obj
d:\year 2 sem 2\advance game development\nyp_framework\nyp_framework\base\debug\weaponinfo.obj
d:\year 2 sem 2\advance game development\nyp_framework\nyp_framework\base\debug\application.obj
d:\year 2 sem 2\advance game development\nyp_framework\nyp_framework\base\debug\entitymanager.obj
d:\year 2 sem 2\advance game development\nyp_framework\nyp_framework\base\debug\fpscamera.obj
d:\year 2 sem 2\advance game development\nyp_framework\nyp_framework\base\debug\genericentity.obj
d:\year 2 sem 2\advance game development\nyp_framework\nyp_framework\base\debug\groundentity.obj
d:\year 2 sem 2\advance game development\nyp_framework\nyp_framework\base\debug\light.obj
d:\year 2 sem 2\advance game development\nyp_framework\nyp_framework\debug\base.pdb
d:\year 2 sem 2\advance game development\nyp_framework\nyp_framework\base\debug\base.tlog\cl.command.1.tlog
d:\year 2 sem 2\advance game development\nyp_framework\nyp_framework\base\debug\base.tlog\cl.read.1.tlog
d:\year 2 sem 2\advance game development\nyp_framework\nyp_framework\base\debug\base.tlog\cl.write.1.tlog
d:\year 2 sem 2\advance game development\nyp_framework\nyp_framework\base\debug\base.tlog\link-cvtres.read.1.tlog
d:\year 2 sem 2\advance game development\nyp_framework\nyp_framework\base\debug\base.tlog\link-cvtres.write.1.tlog
d:\year 2 sem 2\advance game development\nyp_framework\nyp_framework\base\debug\base.tlog\link-rc.read.1.tlog
d:\year 2 sem 2\advance game development\nyp_framework\nyp_framework\base\debug\base.tlog\link-rc.write.1.tlog
d:\year 2 sem 2\advance game development\nyp_framework\nyp_framework\base\debug\base.tlog\link.command.1.tlog
d:\year 2 sem 2\advance game development\nyp_framework\nyp_framework\base\debug\base.tlog\link.read.1.tlog
d:\year 2 sem 2\advance game development\nyp_framework\nyp_framework\base\debug\base.tlog\link.write.1.tlog
