d:\year 2 sem 2\advance game development\nyp_framework\nyp_framework\common\debug\common.pdb
d:\year 2 sem 2\advance game development\nyp_framework\nyp_framework\common\debug\common.idb
d:\year 2 sem 2\advance game development\nyp_framework\nyp_framework\common\debug\entitybase.obj
d:\year 2 sem 2\advance game development\nyp_framework\nyp_framework\common\debug\graphicsmanager.obj
d:\year 2 sem 2\advance game development\nyp_framework\nyp_framework\common\debug\keyboardcontroller.obj
d:\year 2 sem 2\advance game development\nyp_framework\nyp_framework\common\debug\lightbase.obj
d:\year 2 sem 2\advance game development\nyp_framework\nyp_framework\common\debug\loadobj.obj
d:\year 2 sem 2\advance game development\nyp_framework\nyp_framework\common\debug\loadtga.obj
d:\year 2 sem 2\advance game development\nyp_framework\nyp_framework\common\debug\mathutility.obj
d:\year 2 sem 2\advance game development\nyp_framework\nyp_framework\common\debug\matrixstack.obj
d:\year 2 sem 2\advance game development\nyp_framework\nyp_framework\common\debug\mesh.obj
d:\year 2 sem 2\advance game development\nyp_framework\nyp_framework\common\debug\meshbuilder.obj
d:\year 2 sem 2\advance game development\nyp_framework\nyp_framework\common\debug\mousecontroller.obj
d:\year 2 sem 2\advance game development\nyp_framework\nyp_framework\common\debug\mtx44.obj
d:\year 2 sem 2\advance game development\nyp_framework\nyp_framework\common\debug\renderhelper.obj
d:\year 2 sem 2\advance game development\nyp_framework\nyp_framework\common\debug\scenemanager.obj
d:\year 2 sem 2\advance game development\nyp_framework\nyp_framework\common\debug\shaderprogram.obj
d:\year 2 sem 2\advance game development\nyp_framework\nyp_framework\common\debug\timer.obj
d:\year 2 sem 2\advance game development\nyp_framework\nyp_framework\common\debug\utility.obj
d:\year 2 sem 2\advance game development\nyp_framework\nyp_framework\common\debug\vector2.obj
d:\year 2 sem 2\advance game development\nyp_framework\nyp_framework\common\debug\vector3.obj
d:\year 2 sem 2\advance game development\nyp_framework\nyp_framework\common\debug\win32input.obj
d:\year 2 sem 2\advance game development\nyp_framework\nyp_framework\common\debug\camerabase.obj
d:\year 2 sem 2\advance game development\nyp_framework\nyp_framework\common\debug\collider.obj
d:\year 2 sem 2\advance game development\nyp_framework\nyp_framework\debug\common.lib
d:\year 2 sem 2\advance game development\nyp_framework\nyp_framework\debug\common.pdb
d:\year 2 sem 2\advance game development\nyp_framework\nyp_framework\common\debug\common.tlog\cl.command.1.tlog
d:\year 2 sem 2\advance game development\nyp_framework\nyp_framework\common\debug\common.tlog\cl.read.1.tlog
d:\year 2 sem 2\advance game development\nyp_framework\nyp_framework\common\debug\common.tlog\cl.write.1.tlog
d:\year 2 sem 2\advance game development\nyp_framework\nyp_framework\common\debug\common.tlog\lib-link.read.1.tlog
d:\year 2 sem 2\advance game development\nyp_framework\nyp_framework\common\debug\common.tlog\lib-link.write.1.tlog
d:\year 2 sem 2\advance game development\nyp_framework\nyp_framework\common\debug\common.tlog\lib.command.1.tlog
